  icode   ic inum1 inum2 inum3   subed  recmonps reccnstps  flow(m^3)   sed(t)      orgn(kg)    orgp(kg)    nitrate(kg) sol.p(kg)   sol.pst(mg) sor.pst(mg)
       1        1        1        0        0        0                         0.2132E+11  0.9401E+05  0.2088E+07  0.7116E+06  0.3210E+08  0.1418E+06  0.0000E+00  0.0000E+00
       1        2        2        0        0        0                         0.2424E+11  0.4113E+06  0.1140E+07  0.1334E+07  0.2336E+08  0.3624E+06  0.0000E+00  0.0000E+00
       1        3        3        0        0        0                         0.2106E+11  0.1997E+07  0.8954E+07  0.6475E+07  0.3527E+08  0.2596E+07  0.0000E+00  0.0000E+00
       1        4        4        0        0        0                         0.6727E+10  0.2604E+06  0.4994E+06  0.7327E+06  0.7235E+07  0.1886E+06  0.0000E+00  0.0000E+00
       1        5        5        0        0        0                         0.2761E+10  0.1128E+06  0.2310E+06  0.3343E+06  0.2496E+07  0.6711E+05  0.0000E+00  0.0000E+00
       1        6        6        0        0        0                         0.1002E+11  0.3185E+06  0.6424E+06  0.8900E+06  0.9763E+07  0.1731E+06  0.0000E+00  0.0000E+00
       1        7        7        0        0        0                         0.1736E+11  0.9983E+06  0.3369E+07  0.2804E+07  0.2151E+07  0.1735E+07  0.0000E+00  0.0000E+00
       1        8        8        0        0        0                         0.1778E+11  0.8894E+06  0.3214E+07  0.2737E+07  0.7744E+07  0.5567E+06  0.0000E+00  0.0000E+00
       1        9        9        0        0        0                         0.1534E+11  0.7581E+06  0.1808E+07  0.2109E+07  0.1052E+08  0.5964E+06  0.0000E+00  0.0000E+00
       1       10       10        0        0        0                         0.3461E+11  0.1094E+07  0.3737E+07  0.3847E+07  0.2005E+08  0.4246E+07  0.0000E+00  0.0000E+00
       1       11       11        0        0        0                         0.2177E+11  0.3582E+07  0.6530E+07  0.8889E+07  0.1255E+08  0.1917E+07  0.0000E+00  0.0000E+00
       1       12       12        0        0        0                         0.7050E+11  0.4036E+07  0.1128E+08  0.1136E+08  0.4963E+08  0.2016E+08  0.0000E+00  0.0000E+00
       1       13       13        0        0        0                         0.8184E+11  0.6263E+07  0.1988E+08  0.1432E+08  0.2031E+08  0.1210E+08  0.0000E+00  0.0000E+00
       1       14       14        0        0        0                         0.4823E+11  0.3642E+07  0.1330E+08  0.1204E+08  0.1400E+08  0.4940E+07  0.0000E+00  0.0000E+00
       1       15       15        0        0        0                         0.8914E+10  0.5252E+06  0.1119E+07  0.1695E+07  0.3086E+07  0.1970E+06  0.0000E+00  0.0000E+00
       1       16       16        0        0        0                         0.8805E+10  0.1130E+07  0.2045E+07  0.3355E+07  0.4845E+07  0.1287E+07  0.0000E+00  0.0000E+00
       1       17       17        0        0        0                         0.1417E+09  0.9355E+04  0.4472E+05  0.4214E+05  0.1116E+06  0.3999E+04  0.0000E+00  0.0000E+00
       1       18       18        0        0        0                         0.2297E+11  0.9704E+07  0.2809E+07  0.1912E+08  0.5671E+07  0.4486E+06  0.0000E+00  0.0000E+00
       1       19       19        0        0        0                         0.1813E+11  0.4068E+06  0.7982E+06  0.3230E+07  0.1485E+08  0.4100E+06  0.0000E+00  0.0000E+00
       1       20       20        0        0        0                         0.1672E+10  0.3255E+05  0.1636E+06  0.3021E+06  0.9878E+06  0.2617E+05  0.0000E+00  0.0000E+00
       1       21       21        0        0        0                         0.4425E+11  0.2399E+07  0.7359E+07  0.6037E+07  0.4554E+08  0.2715E+07  0.0000E+00  0.0000E+00
       1       22       22        0        0        0                         0.6393E+10  0.1341E+06  0.4021E+06  0.1320E+07  0.4594E+07  0.1699E+06  0.0000E+00  0.0000E+00
       1       23       23        0        0        0                         0.3808E+11  0.1123E+07  0.5325E+07  0.4362E+07  0.9842E+07  0.4597E+06  0.0000E+00  0.0000E+00
       1       24       24        0        0        0                         0.3392E+11  0.7443E+07  0.1882E+07  0.1720E+08  0.3839E+08  0.7613E+06  0.0000E+00  0.0000E+00
       1       25       25        0        0        0                         0.7441E+10  0.2413E+06  0.9862E+06  0.8003E+06  0.5098E+07  0.5033E+06  0.0000E+00  0.0000E+00
       1       26       26        0        0        0                         0.2266E+11  0.3624E+07  0.1524E+07  0.6959E+07  0.2088E+08  0.7064E+06  0.0000E+00  0.0000E+00
       1       27       27        0        0        0                         0.7887E+11  0.2830E+07  0.9822E+07  0.8360E+07  0.5876E+07  0.2339E+07  0.0000E+00  0.0000E+00
       1       28       28        0        0        0                         0.3756E+11  0.9858E+06  0.1814E+07  0.2242E+07  0.3900E+08  0.9536E+06  0.0000E+00  0.0000E+00
       1       29       29        0        0        0                         0.5540E+11  0.1296E+07  0.4630E+07  0.7482E+07  0.5474E+08  0.6133E+07  0.0000E+00  0.0000E+00
       1       30       30        0        0        0                         0.4238E+11  0.6509E+06  0.2136E+07  0.2010E+07  0.3038E+07  0.4997E+06  0.0000E+00  0.0000E+00
       1       31       31        0        0        0                         0.5057E+11  0.1190E+07  0.4254E+07  0.3428E+07  0.3598E+07  0.8944E+06  0.0000E+00  0.0000E+00
       1       32       32        0        0        0                         0.2825E+11  0.7358E+07  0.2365E+07  0.1255E+08  0.6606E+07  0.8623E+06  0.0000E+00  0.0000E+00
       1       33       33        0        0        0                         0.3519E+11  0.3658E+06  0.8536E+06  0.1262E+07  0.1216E+09  0.1658E+08  0.0000E+00  0.0000E+00
       1       34       34        0        0        0                         0.1802E+11  0.2881E+06  0.9856E+06  0.1719E+07  0.3435E+08  0.8354E+06  0.0000E+00  0.0000E+00
       1       35       35        0        0        0                         0.1311E+11  0.3448E+06  0.7079E+06  0.3063E+07  0.9814E+07  0.4286E+06  0.0000E+00  0.0000E+00
       1       36       36        0        0        0                         0.7803E+11  0.1513E+07  0.4680E+07  0.6899E+07  0.4207E+08  0.3519E+07  0.0000E+00  0.0000E+00
       1       37       37        0        0        0                         0.3189E+11  0.8569E+06  0.6979E+06  0.2936E+07  0.1983E+08  0.4102E+06  0.0000E+00  0.0000E+00
       1       38       38        0        0        0                         0.3242E+11  0.1164E+07  0.5238E+07  0.4986E+07  0.1157E+08  0.7982E+07  0.0000E+00  0.0000E+00
       1       39       39        0        0        0                         0.4172E+11  0.4423E+06  0.1026E+07  0.3424E+07  0.1750E+08  0.4702E+06  0.0000E+00  0.0000E+00
       1       40       40        0        0        0                         0.2339E+10  0.5795E+05  0.1732E+06  0.2154E+06  0.1008E+07  0.4642E+05  0.0000E+00  0.0000E+00
       1       41       41        0        0        0                         0.2509E+11  0.4695E+06  0.1255E+07  0.1891E+07  0.6034E+08  0.4641E+06  0.0000E+00  0.0000E+00
       1       42       42        0        0        0                         0.2715E+11  0.6091E+06  0.8686E+06  0.3505E+07  0.1452E+08  0.4190E+06  0.0000E+00  0.0000E+00
       1       43       43        0        0        0                         0.2371E+11  0.6916E+06  0.8625E+06  0.4464E+07  0.9744E+07  0.3385E+06  0.0000E+00  0.0000E+00
       1       44       44        0        0        0                         0.3339E+11  0.8904E+06  0.1954E+07  0.2524E+07  0.5293E+07  0.4375E+06  0.0000E+00  0.0000E+00
       1       45       45        0        0        0                         0.2933E+11  0.1552E+07  0.3708E+07  0.3553E+07  0.2263E+08  0.1098E+07  0.0000E+00  0.0000E+00
       1       46       46        0        0        0                         0.1146E+11  0.2732E+06  0.7522E+06  0.6270E+06  0.4232E+07  0.1828E+06  0.0000E+00  0.0000E+00
       1       47       47        0        0        0                         0.1857E+11  0.4303E+06  0.5548E+06  0.3447E+07  0.4553E+07  0.1607E+06  0.0000E+00  0.0000E+00
       1       48       48        0        0        0                         0.3430E+11  0.5916E+06  0.1389E+07  0.3938E+07  0.9117E+08  0.8570E+06  0.0000E+00  0.0000E+00
       1       49       49        0        0        0                         0.1261E+11  0.2449E+06  0.9160E+06  0.1432E+07  0.1222E+08  0.5913E+06  0.0000E+00  0.0000E+00
       1       50       50        0        0        0                         0.4872E+11  0.8915E+06  0.1278E+07  0.5311E+07  0.3907E+08  0.3432E+06  0.0000E+00  0.0000E+00
       1       51       51        0        0        0                         0.4757E+11  0.8292E+06  0.1360E+07  0.4428E+07  0.7935E+08  0.4500E+06  0.0000E+00  0.0000E+00
       1       52       52        0        0        0                         0.4606E+11  0.1816E+07  0.6951E+07  0.6858E+07  0.1311E+09  0.5942E+07  0.0000E+00  0.0000E+00
       1       53       53        0        0        0                         0.1424E+12  0.1336E+08  0.3833E+08  0.3738E+08  0.2005E+09  0.9218E+07  0.0000E+00  0.0000E+00
       1       54       54        0        0        0                         0.3539E+11  0.5526E+06  0.1393E+07  0.3705E+07  0.5328E+07  0.7295E+06  0.0000E+00  0.0000E+00
       1       55       55        0        0        0                         0.8034E+11  0.1614E+07  0.3411E+07  0.5864E+07  0.7724E+08  0.1007E+07  0.0000E+00  0.0000E+00
      11       56        1        0        0        0                   1p    0.0000E+00  0.0000E+00  0.0000E+00  0.0000E+00  0.0000E+00  0.0000E+00  0.0000E+00  0.0000E+00
       5       57        1       56        0        0                         0.2132E+11  0.9401E+05  0.2088E+07  0.7116E+06  0.3210E+08  0.1418E+06  0.0000E+00  0.0000E+00
       2       58        1       57        1        0                         0.2130E+11  0.9243E+05  0.1314E+07  0.3643E+06  0.3954E+08  0.1909E+06  0.0000E+00  0.0000E+00
       3       59        1       58        0        0                         0.2138E+11  0.4641E+05  0.1228E+07  0.2897E+06  0.3781E+08  0.1703E+06  0.1675E+06  0.6620E+06
      11       60        2        0        0        0                   2p    0.0000E+00  0.0000E+00  0.0000E+00  0.0000E+00  0.0000E+00  0.0000E+00  0.0000E+00  0.0000E+00
       5       61        2       60        0        0                         0.2424E+11  0.4113E+06  0.1140E+07  0.1334E+07  0.2336E+08  0.3624E+06  0.0000E+00  0.0000E+00
       2       62        2       61        2        0                         0.2419E+11  0.4113E+06  0.8590E+06  0.7449E+06  0.2765E+08  0.4563E+06  0.0000E+00  0.0000E+00
      11       63        3        0        0        0                   8p    0.0000E+00  0.0000E+00  0.0000E+00  0.0000E+00  0.0000E+00  0.0000E+00  0.0000E+00  0.0000E+00
       5       64        8       63        0        0                         0.1778E+11  0.8894E+06  0.3214E+07  0.2737E+07  0.7744E+07  0.5567E+06  0.0000E+00  0.0000E+00
       2       65        8       64        8        0                         0.1768E+11  0.4393E+06  0.2144E+07  0.1349E+07  0.7745E+07  0.1093E+07  0.0000E+00  0.0000E+00
       3       66        2       65        0        0                         0.1719E+11  0.3281E+05  0.1997E+07  0.8667E+06  0.7082E+07  0.7932E+06  0.1016E+06  0.3967E+06
       5       67        9       66        0        0                         0.3253E+11  0.7910E+06  0.3806E+07  0.2976E+07  0.1760E+08  0.1390E+07  0.1016E+06  0.3967E+06
      11       68        4        0        0        0                   9p    0.0000E+00  0.0000E+00  0.0000E+00  0.0000E+00  0.0000E+00  0.0000E+00  0.0000E+00  0.0000E+00
       5       69       67       68        0        0                         0.3253E+11  0.7910E+06  0.3806E+07  0.2976E+07  0.1760E+08  0.1390E+07  0.1016E+06  0.3967E+06
       2       70        9       69        9        0                         0.3230E+11  0.5372E+06  0.2884E+07  0.1538E+07  0.1775E+08  0.2052E+07  0.3272E+05  0.1277E+06
      11       71        5        0        0        0                  10p    0.0000E+00  0.0000E+00  0.0000E+00  0.0000E+00  0.0000E+00  0.0000E+00  0.0000E+00  0.0000E+00
       5       72       10       71        0        0                         0.3461E+11  0.1094E+07  0.3737E+07  0.3847E+07  0.2005E+08  0.4246E+07  0.0000E+00  0.0000E+00
       2       73       10       72       10        0                         0.3450E+11  0.1072E+07  0.2785E+07  0.2303E+07  0.1905E+08  0.4614E+07  0.0000E+00  0.0000E+00
       5       74       12       73        0        0                         0.1050E+12  0.5108E+07  0.1407E+08  0.1366E+08  0.6868E+08  0.2477E+08  0.0000E+00  0.0000E+00
      11       75        6        0        0        0                  12p    0.0000E+00  0.0000E+00  0.0000E+00  0.0000E+00  0.0000E+00  0.0000E+00  0.0000E+00  0.0000E+00
       5       76       74       75        0        0                         0.1050E+12  0.5108E+07  0.1407E+08  0.1366E+08  0.6868E+08  0.2477E+08  0.0000E+00  0.0000E+00
       2       77       12       76       12        0                         0.1049E+12  0.5108E+07  0.1325E+08  0.1226E+08  0.6847E+08  0.2570E+08  0.0000E+00  0.0000E+00
       3       78        3       77        0        0                         0.1053E+12  0.1534E+06  0.1247E+08  0.8110E+07  0.6399E+08  0.1784E+08  0.7221E+06  0.2530E+07
       5       79       19       78        0        0                         0.1234E+12  0.5602E+06  0.1326E+08  0.1134E+08  0.7884E+08  0.1825E+08  0.7221E+06  0.2530E+07
      11       80        7        0        0        0                  19p    0.0000E+00  0.0000E+00  0.0000E+00  0.0000E+00  0.0000E+00  0.0000E+00  0.0000E+00  0.0000E+00
       5       81       79       80        0        0                         0.1234E+12  0.5602E+06  0.1326E+08  0.1134E+08  0.7884E+08  0.1825E+08  0.7221E+06  0.2530E+07
       2       82       19       81       19        0                         0.1233E+12  0.5602E+06  0.1494E+08  0.7964E+07  0.7710E+08  0.2108E+08  0.3952E+06  0.1407E+07
       3       83        4       82        0        0                         0.1227E+12  0.1017E+07  0.8106E+07  0.3999E+07  0.4596E+08  0.1189E+08  0.5048E+06  0.1793E+07
       5       84       20       83        0        0                         0.1244E+12  0.1050E+07  0.8269E+07  0.4301E+07  0.4694E+08  0.1192E+08  0.5048E+06  0.1793E+07
      11       85        8        0        0        0                  20p    0.0000E+00  0.0000E+00  0.0000E+00  0.0000E+00  0.0000E+00  0.0000E+00  0.0000E+00  0.0000E+00
       5       86       84       85        0        0                         0.1244E+12  0.1050E+07  0.8269E+07  0.4301E+07  0.4694E+08  0.1192E+08  0.5048E+06  0.1793E+07
       2       87       20       86       20        0                         0.1241E+12  0.8832E+06  0.9390E+07  0.3177E+07  0.4675E+08  0.1344E+08  0.2849E+06  0.1081E+07
      11       88        9        0        0        0                  13p    0.0000E+00  0.0000E+00  0.0000E+00  0.0000E+00  0.0000E+00  0.0000E+00  0.0000E+00  0.0000E+00
       5       89       13       88        0        0                         0.8184E+11  0.6263E+07  0.1988E+08  0.1432E+08  0.2031E+08  0.1210E+08  0.0000E+00  0.0000E+00
       2       90       13       89       13        0                         0.8053E+11  0.2278E+07  0.1155E+08  0.5963E+07  0.2143E+08  0.1820E+08  0.0000E+00  0.0000E+00
      11       91       10        0        0        0                  21p    0.0000E+00  0.0000E+00  0.0000E+00  0.0000E+00  0.0000E+00  0.0000E+00  0.0000E+00  0.0000E+00
       5       92       21       91        0        0                         0.4425E+11  0.2399E+07  0.7359E+07  0.6037E+07  0.4554E+08  0.2715E+07  0.0000E+00  0.0000E+00
       2       93       21       92       21        0                         0.4416E+11  0.1928E+07  0.4209E+07  0.2733E+07  0.4768E+08  0.3007E+07  0.0000E+00  0.0000E+00
      11       94       11        0        0        0                  23p    0.0000E+00  0.0000E+00  0.0000E+00  0.0000E+00  0.0000E+00  0.0000E+00  0.0000E+00  0.0000E+00
       5       95       23       94        0        0                         0.3808E+11  0.1123E+07  0.5325E+07  0.4362E+07  0.9842E+07  0.4597E+06  0.0000E+00  0.0000E+00
       2       96       23       95       23        0                         0.3785E+11  0.6185E+06  0.3937E+07  0.2403E+07  0.9800E+07  0.1267E+07  0.0000E+00  0.0000E+00
      11       97       12        0        0        0                  27p    0.0000E+00  0.0000E+00  0.0000E+00  0.0000E+00  0.0000E+00  0.0000E+00  0.0000E+00  0.0000E+00
       5       98       27       97        0        0                         0.7887E+11  0.2830E+07  0.9822E+07  0.8360E+07  0.5876E+07  0.2339E+07  0.0000E+00  0.0000E+00
       2       99       27       98       27        0                         0.7867E+11  0.2830E+07  0.5735E+07  0.3767E+07  0.5880E+07  0.3578E+07  0.0000E+00  0.0000E+00
      11      100       13        0        0        0                  30p    0.0000E+00  0.0000E+00  0.0000E+00  0.0000E+00  0.0000E+00  0.0000E+00  0.0000E+00  0.0000E+00
       5      101       30      100        0        0                         0.4238E+11  0.6509E+06  0.2136E+07  0.2010E+07  0.3038E+07  0.4997E+06  0.0000E+00  0.0000E+00
       2      102       30      101       30        0                         0.4235E+11  0.6154E+06  0.1230E+07  0.9352E+06  0.3081E+07  0.6441E+06  0.0000E+00  0.0000E+00
       5      103       31      102        0        0                         0.9292E+11  0.1805E+07  0.5483E+07  0.4364E+07  0.6679E+07  0.1539E+07  0.0000E+00  0.0000E+00
      11      104       14        0        0        0                  31p    0.0000E+00  0.0000E+00  0.0000E+00  0.0000E+00  0.0000E+00  0.0000E+00  0.0000E+00  0.0000E+00
       5      105      103      104        0        0                         0.9292E+11  0.1805E+07  0.5483E+07  0.4364E+07  0.6679E+07  0.1539E+07  0.0000E+00  0.0000E+00
       2      106       31      105       31        0                         0.9274E+11  0.1668E+07  0.1536E+07  0.1153E+07  0.6323E+07  0.1141E+07  0.0000E+00  0.0000E+00
       3      107        5      106        0        0                         0.9310E+11  0.2853E+06  0.1483E+07  0.1054E+07  0.6070E+07  0.1038E+07  0.6584E+06  0.2588E+07
       5      108       32      107        0        0                         0.1214E+12  0.7643E+07  0.3848E+07  0.1360E+08  0.1268E+08  0.1901E+07  0.6584E+06  0.2588E+07
      11      109       15        0        0        0                  32p    0.0000E+00  0.0000E+00  0.0000E+00  0.0000E+00  0.0000E+00  0.0000E+00  0.0000E+00  0.0000E+00
       5      110      108      109        0        0                         0.1214E+12  0.7643E+07  0.3848E+07  0.1360E+08  0.1268E+08  0.1901E+07  0.6584E+06  0.2588E+07
       2      111       32      110       32        0                         0.1198E+12  0.7643E+07  0.2655E+07  0.5670E+07  0.1375E+08  0.2867E+07  0.9472E+05  0.3700E+06
       5      112       26      111        0        0                         0.1424E+12  0.1127E+08  0.4179E+07  0.1263E+08  0.3463E+08  0.3573E+07  0.9472E+05  0.3700E+06
      11      113       16        0        0        0                  26p    0.0000E+00  0.0000E+00  0.0000E+00  0.0000E+00  0.0000E+00  0.0000E+00  0.0000E+00  0.0000E+00
       5      114      112      113        0        0                         0.1424E+12  0.1127E+08  0.4179E+07  0.1263E+08  0.3463E+08  0.3573E+07  0.9472E+05  0.3700E+06
       2      115       26      114       26        0                         0.1407E+12  0.1127E+08  0.2382E+07  0.5588E+07  0.3464E+08  0.5268E+07  0.2347E+05  0.9198E+05
       3      116        6      115        0        0                         0.1417E+12  0.1417E+06  0.2331E+07  0.4825E+07  0.3396E+08  0.4619E+07  0.9414E+04  0.9370E+04
      11      117       17        0        0        0                  34p    0.0000E+00  0.0000E+00  0.0000E+00  0.0000E+00  0.0000E+00  0.0000E+00  0.0000E+00  0.0000E+00
       5      118       34      117        0        0                         0.1802E+11  0.2881E+06  0.9856E+06  0.1719E+07  0.3435E+08  0.8354E+06  0.0000E+00  0.0000E+00
       2      119       34      118       34        0                         0.1801E+11  0.2881E+06  0.9656E+06  0.1661E+07  0.3436E+08  0.8824E+06  0.0000E+00  0.0000E+00
       3      120        7      119        0        0                         0.1739E+11  0.6419E+05  0.9280E+06  0.1268E+07  0.3320E+08  0.7088E+06  0.5564E+05  0.2129E+06
       5      121       33      120        0        0                         0.5258E+11  0.4300E+06  0.1782E+07  0.2531E+07  0.1548E+09  0.1729E+08  0.5564E+05  0.2129E+06
      11      122       18        0        0        0                  33p    0.0000E+00  0.0000E+00  0.0000E+00  0.0000E+00  0.0000E+00  0.0000E+00  0.0000E+00  0.0000E+00
       5      123      121      122        0        0                         0.5258E+11  0.4300E+06  0.1782E+07  0.2531E+07  0.1548E+09  0.1729E+08  0.5564E+05  0.2129E+06
       2      124       33      123       33        0                         0.5204E+11  0.3204E+06  0.1598E+07  0.1398E+07  0.1575E+09  0.1756E+08  0.1388E+05  0.5297E+05
       5      125       29      124        0        0                         0.1074E+12  0.1616E+07  0.6228E+07  0.8880E+07  0.2123E+09  0.2370E+08  0.1388E+05  0.5297E+05
      11      126       19        0        0        0                  29p    0.0000E+00  0.0000E+00  0.0000E+00  0.0000E+00  0.0000E+00  0.0000E+00  0.0000E+00  0.0000E+00
       5      127      125      126        0        0                         0.1074E+12  0.1616E+07  0.6228E+07  0.8880E+07  0.2123E+09  0.2370E+08  0.1388E+05  0.5297E+05
       2      128       29      127       29        0                         0.1073E+12  0.1616E+07  0.4004E+07  0.4537E+07  0.2212E+09  0.2442E+08  0.5615E+04  0.2152E+05
      11      129       20        0        0        0                  38p    0.0000E+00  0.0000E+00  0.0000E+00  0.0000E+00  0.0000E+00  0.0000E+00  0.0000E+00  0.0000E+00
       5      130       38      129        0        0                         0.3242E+11  0.1164E+07  0.5238E+07  0.4986E+07  0.1157E+08  0.7982E+07  0.0000E+00  0.0000E+00
       2      131       38      130       38        0                         0.3228E+11  0.1164E+07  0.3321E+07  0.2405E+07  0.1154E+08  0.6911E+07  0.0000E+00  0.0000E+00
      11      132       21        0        0        0                  39p    0.0000E+00  0.0000E+00  0.0000E+00  0.0000E+00  0.0000E+00  0.0000E+00  0.0000E+00  0.0000E+00
       5      133       39      132        0        0                         0.4172E+11  0.4423E+06  0.1026E+07  0.3424E+07  0.1750E+08  0.4702E+06  0.0000E+00  0.0000E+00
       2      134       39      133       39        0                         0.4169E+11  0.4423E+06  0.7282E+06  0.1896E+07  0.1810E+08  0.7611E+06  0.0000E+00  0.0000E+00
       3      135        8      134        0        0                         0.4189E+11  0.1546E+06  0.6401E+06  0.1557E+07  0.1658E+08  0.6496E+06  0.2497E+06  0.1004E+07
      11      136       22        0        0        0                  41p    0.0000E+00  0.0000E+00  0.0000E+00  0.0000E+00  0.0000E+00  0.0000E+00  0.0000E+00  0.0000E+00
       5      137       41      136        0        0                         0.2509E+11  0.4695E+06  0.1255E+07  0.1891E+07  0.6034E+08  0.4641E+06  0.0000E+00  0.0000E+00
       2      138       41      137       41        0                         0.2508E+11  0.4332E+06  0.7719E+06  0.9473E+06  0.6236E+08  0.6928E+06  0.0000E+00  0.0000E+00
       3      139        9      138        0        0                         0.2516E+11  0.3969E+05  0.7308E+06  0.6356E+06  0.5821E+08  0.5112E+06  0.2265E+06  0.9015E+06
       5      140       48      139        0        0                         0.5946E+11  0.6313E+06  0.2119E+07  0.4574E+07  0.1494E+09  0.1368E+07  0.2265E+06  0.9015E+06
      11      141       23        0        0        0                  48p    0.0000E+00  0.0000E+00  0.0000E+00  0.0000E+00  0.0000E+00  0.0000E+00  0.0000E+00  0.0000E+00
       5      142      140      141        0        0                         0.5946E+11  0.6313E+06  0.2119E+07  0.4574E+07  0.1494E+09  0.1368E+07  0.2265E+06  0.9015E+06
       2      143       48      142       48        0                         0.5932E+11  0.6313E+06  0.1694E+07  0.2496E+07  0.1524E+09  0.1800E+07  0.1118E+06  0.4457E+06
       5      144       52      143        0        0                         0.1054E+12  0.2447E+07  0.8645E+07  0.9353E+07  0.2835E+09  0.7742E+07  0.1118E+06  0.4457E+06
      11      145       24        0        0        0                  52p    0.0000E+00  0.0000E+00  0.0000E+00  0.0000E+00  0.0000E+00  0.0000E+00  0.0000E+00  0.0000E+00
       5      146      144      145        0        0                         0.1054E+12  0.2447E+07  0.8645E+07  0.9353E+07  0.2835E+09  0.7742E+07  0.1118E+06  0.4457E+06
       2      147       52      146       52        0                         0.1053E+12  0.2447E+07  0.5209E+07  0.4733E+07  0.2956E+09  0.8102E+07  0.6937E+05  0.2766E+06
      11      148       25        0        0        0                  44p    0.0000E+00  0.0000E+00  0.0000E+00  0.0000E+00  0.0000E+00  0.0000E+00  0.0000E+00  0.0000E+00
       5      149       44      148        0        0                         0.3339E+11  0.8904E+06  0.1954E+07  0.2524E+07  0.5293E+07  0.4375E+06  0.0000E+00  0.0000E+00
       2      150       44      149       44        0                         0.3336E+11  0.8894E+06  0.9356E+06  0.1026E+07  0.5457E+07  0.5238E+06  0.0000E+00  0.0000E+00
       3      151       10      150        0        0                         0.3418E+11  0.1308E+06  0.8653E+06  0.9187E+06  0.4851E+07  0.4506E+06  0.8400E+05  0.3843E+06
       5      152       40      151        0        0                         0.3652E+11  0.1887E+06  0.1038E+07  0.1134E+07  0.5859E+07  0.4970E+06  0.8400E+05  0.3843E+06
      11      153       26        0        0        0                  40p    0.0000E+00  0.0000E+00  0.0000E+00  0.0000E+00  0.0000E+00  0.0000E+00  0.0000E+00  0.0000E+00
       5      154      152      153        0        0                         0.3652E+11  0.1887E+06  0.1038E+07  0.1134E+07  0.5859E+07  0.4970E+06  0.8400E+05  0.3843E+06
       2      155       40      154       40        0                         0.3648E+11  0.1874E+06  0.1056E+07  0.7808E+06  0.5927E+07  0.6649E+06  0.2082E+05  0.1007E+06
      11      156       27        0        0        0                  45p    0.0000E+00  0.0000E+00  0.0000E+00  0.0000E+00  0.0000E+00  0.0000E+00  0.0000E+00  0.0000E+00
       5      157       45      156        0        0                         0.2933E+11  0.1552E+07  0.3708E+07  0.3553E+07  0.2263E+08  0.1098E+07  0.0000E+00  0.0000E+00
       2      158       45      157       45        0                         0.2930E+11  0.1472E+07  0.1586E+07  0.1290E+07  0.2328E+08  0.8770E+06  0.0000E+00  0.0000E+00
      11      159       28        0        0        0                  54p    0.0000E+00  0.0000E+00  0.0000E+00  0.0000E+00  0.0000E+00  0.0000E+00  0.0000E+00  0.0000E+00
       5      160       54      159        0        0                         0.3539E+11  0.5526E+06  0.1393E+07  0.3705E+07  0.5328E+07  0.7295E+06  0.0000E+00  0.0000E+00
       2      161       54      160       54        0                         0.3536E+11  0.5526E+06  0.1075E+07  0.2384E+07  0.5399E+07  0.1342E+07  0.0000E+00  0.0000E+00
       5      162       22       87        0        0                         0.1305E+12  0.1017E+07  0.9792E+07  0.4497E+07  0.5135E+08  0.1361E+08  0.2849E+06  0.1081E+07
       5      163      162       93        0        0                         0.1747E+12  0.2946E+07  0.1400E+08  0.7230E+07  0.9903E+08  0.1662E+08  0.2849E+06  0.1081E+07
      11      164       29        0        0        0                  22p    0.0000E+00  0.0000E+00  0.0000E+00  0.0000E+00  0.0000E+00  0.0000E+00  0.0000E+00  0.0000E+00
       5      165      163      164        0        0                         0.1747E+12  0.2946E+07  0.1400E+08  0.7230E+07  0.9903E+08  0.1662E+08  0.2849E+06  0.1081E+07
       2      166       22      165       22        0                         0.1744E+12  0.2554E+07  0.1120E+08  0.4495E+07  0.9926E+08  0.1871E+08  0.1708E+06  0.6576E+06
       5      167       15       90        0        0                         0.8944E+11  0.2804E+07  0.1267E+08  0.7658E+07  0.2451E+08  0.1840E+08  0.0000E+00  0.0000E+00
       5      168      167       96        0        0                         0.1273E+12  0.3422E+07  0.1660E+08  0.1006E+08  0.3431E+08  0.1967E+08  0.0000E+00  0.0000E+00
       5      169      168       99        0        0                         0.2060E+12  0.6252E+07  0.2234E+08  0.1383E+08  0.4019E+08  0.2324E+08  0.0000E+00  0.0000E+00
      11      170       30        0        0        0                  15p    0.0000E+00  0.0000E+00  0.0000E+00  0.0000E+00  0.0000E+00  0.0000E+00  0.0000E+00  0.0000E+00
       5      171      169      170        0        0                         0.2060E+12  0.6252E+07  0.2234E+08  0.1383E+08  0.4019E+08  0.2324E+08  0.0000E+00  0.0000E+00
       2      172       15      171       15        0                         0.2058E+12  0.6252E+07  0.1541E+08  0.7590E+07  0.4084E+08  0.2501E+08  0.0000E+00  0.0000E+00
       3      173       11      172        0        0                         0.2046E+12  0.2906E+06  0.1257E+08  0.5192E+07  0.3862E+08  0.1985E+08  0.3540E+06  0.1421E+07
       5      174       18      173        0        0                         0.2276E+12  0.9995E+07  0.1538E+08  0.2431E+08  0.4429E+08  0.2029E+08  0.3540E+06  0.1421E+07
      11      175       31        0        0        0                  18p    0.0000E+00  0.0000E+00  0.0000E+00  0.0000E+00  0.0000E+00  0.0000E+00  0.0000E+00  0.0000E+00
       5      176      174      175        0        0                         0.2276E+12  0.9995E+07  0.1538E+08  0.2431E+08  0.4429E+08  0.2029E+08  0.3540E+06  0.1421E+07
       2      177       18      176       18        0                         0.2274E+12  0.9995E+07  0.1678E+08  0.1452E+08  0.4334E+08  0.2407E+08  0.1740E+06  0.6978E+06
       5      178       37      135        0        0                         0.7377E+11  0.1011E+07  0.1338E+07  0.4494E+07  0.3642E+08  0.1060E+07  0.2497E+06  0.1004E+07
       5      179      178      155        0        0                         0.1103E+12  0.1199E+07  0.2394E+07  0.5275E+07  0.4234E+08  0.1725E+07  0.2705E+06  0.1105E+07
      11      180       32        0        0        0                  37p    0.0000E+00  0.0000E+00  0.0000E+00  0.0000E+00  0.0000E+00  0.0000E+00  0.0000E+00  0.0000E+00
       5      181      179      180        0        0                         0.1103E+12  0.1199E+07  0.2394E+07  0.5275E+07  0.4234E+08  0.1725E+07  0.2705E+06  0.1105E+07
       2      182       37      181       37        0                         0.1102E+12  0.1199E+07  0.2413E+07  0.3451E+07  0.4260E+08  0.2865E+07  0.1142E+06  0.4670E+06
       5      183       35      182        0        0                         0.1233E+12  0.1544E+07  0.3121E+07  0.6514E+07  0.5242E+08  0.3294E+07  0.1142E+06  0.4670E+06
      11      184       33        0        0        0                  35p    0.0000E+00  0.0000E+00  0.0000E+00  0.0000E+00  0.0000E+00  0.0000E+00  0.0000E+00  0.0000E+00
       5      185      183      184        0        0                         0.1233E+12  0.1544E+07  0.3121E+07  0.6514E+07  0.5242E+08  0.3294E+07  0.1142E+06  0.4670E+06
       2      186       35      185       35        0                         0.1232E+12  0.1544E+07  0.2486E+07  0.4178E+07  0.5290E+08  0.4770E+07  0.7288E+05  0.2975E+06
       5      187        6       59        0        0                         0.3139E+11  0.3649E+06  0.1870E+07  0.1180E+07  0.4758E+08  0.3434E+06  0.1675E+06  0.6620E+06
       5      188      187       70        0        0                         0.6369E+11  0.9021E+06  0.4754E+07  0.2717E+07  0.6533E+08  0.2395E+07  0.2002E+06  0.7897E+06
      11      189       34        0        0        0                   6p    0.0000E+00  0.0000E+00  0.0000E+00  0.0000E+00  0.0000E+00  0.0000E+00  0.0000E+00  0.0000E+00
       5      190      188      189        0        0                         0.6369E+11  0.9021E+06  0.4754E+07  0.2717E+07  0.6533E+08  0.2395E+07  0.2002E+06  0.7897E+06
       2      191        6      190        6        0                         0.6363E+11  0.8967E+06  0.3798E+07  0.1654E+07  0.6634E+08  0.2927E+07  0.4473E+05  0.1761E+06
       3      192       12      191        0        0                         0.6445E+11  0.2300E+06  0.3727E+07  0.1518E+07  0.6474E+08  0.2686E+07  0.1734E+06  0.7100E+06
       5      193        5      192        0        0                         0.6721E+11  0.3429E+06  0.3958E+07  0.1852E+07  0.6723E+08  0.2753E+07  0.1734E+06  0.7100E+06
      11      194       35        0        0        0                   5p    0.0000E+00  0.0000E+00  0.0000E+00  0.0000E+00  0.0000E+00  0.0000E+00  0.0000E+00  0.0000E+00
       5      195      193      194        0        0                         0.6721E+11  0.3429E+06  0.3958E+07  0.1852E+07  0.6723E+08  0.2753E+07  0.1734E+06  0.7100E+06
       2      196        5      195        5        0                         0.6716E+11  0.3395E+06  0.4024E+07  0.1486E+07  0.6697E+08  0.3096E+07  0.6081E+05  0.2550E+06
       3      197       13      196        0        0                         0.5126E+11  0.7065E+06  0.9869E+06  0.3302E+06  0.2503E+08  0.8773E+06  0.7993E+05  0.2894E+06
       5      198        4      197        0        0                         0.5799E+11  0.9668E+06  0.1486E+07  0.1063E+07  0.3226E+08  0.1066E+07  0.7993E+05  0.2894E+06
      11      199       36        0        0        0                   4p    0.0000E+00  0.0000E+00  0.0000E+00  0.0000E+00  0.0000E+00  0.0000E+00  0.0000E+00  0.0000E+00
       5      200      198      199        0        0                         0.5799E+11  0.9668E+06  0.1486E+07  0.1063E+07  0.3226E+08  0.1066E+07  0.7993E+05  0.2894E+06
       2      201        4      200        4        0                         0.5794E+11  0.9609E+06  0.1467E+07  0.7843E+06  0.3249E+08  0.1211E+07  0.2845E+05  0.1064E+06
       5      202       25      128        0        0                         0.1147E+12  0.1857E+07  0.4991E+07  0.5338E+07  0.2263E+09  0.2492E+08  0.5615E+04  0.2152E+05
       5      203      202      131        0        0                         0.1470E+12  0.3021E+07  0.8312E+07  0.7742E+07  0.2378E+09  0.3184E+08  0.5615E+04  0.2152E+05
      11      204       37        0        0        0                  25p    0.0000E+00  0.0000E+00  0.0000E+00  0.0000E+00  0.0000E+00  0.0000E+00  0.0000E+00  0.0000E+00
       5      205      203      204        0        0                         0.1470E+12  0.3021E+07  0.8312E+07  0.7742E+07  0.2378E+09  0.3184E+08  0.5615E+04  0.2152E+05
       2      206       25      205       25        0                         0.1469E+12  0.3011E+07  0.6084E+07  0.4666E+07  0.2432E+09  0.3209E+08  0.2736E+04  0.1051E+05
       5      207       11       62        0        0                         0.4596E+11  0.3993E+07  0.7389E+07  0.9634E+07  0.4020E+08  0.2373E+07  0.0000E+00  0.0000E+00
       5      208      207      201        0        0                         0.1039E+12  0.4954E+07  0.8856E+07  0.1042E+08  0.7269E+08  0.3584E+07  0.2845E+05  0.1064E+06
      11      209       38        0        0        0                  11p    0.0000E+00  0.0000E+00  0.0000E+00  0.0000E+00  0.0000E+00  0.0000E+00  0.0000E+00  0.0000E+00
       5      210      208      209        0        0                         0.1039E+12  0.4954E+07  0.8856E+07  0.1042E+08  0.7269E+08  0.3584E+07  0.2845E+05  0.1064E+06
       2      211       11      210       11        0                         0.1036E+12  0.4954E+07  0.6171E+07  0.5742E+07  0.7427E+08  0.4673E+07  0.1380E+05  0.5323E+05
       3      212       14      211        0        0                         0.1196E+12  0.8909E+06  0.5768E+07  0.4873E+07  0.6638E+08  0.3985E+07  0.6616E+06  0.2525E+07
       5      213       16      212        0        0                         0.1284E+12  0.2021E+07  0.7813E+07  0.8229E+07  0.7122E+08  0.5272E+07  0.6616E+06  0.2525E+07
      11      214       39        0        0        0                  16p    0.0000E+00  0.0000E+00  0.0000E+00  0.0000E+00  0.0000E+00  0.0000E+00  0.0000E+00  0.0000E+00
       5      215      213      214        0        0                         0.1284E+12  0.2021E+07  0.7813E+07  0.8229E+07  0.7122E+08  0.5272E+07  0.6616E+06  0.2525E+07
       2      216       16      215       16        0                         0.1282E+12  0.2021E+07  0.7744E+07  0.5543E+07  0.7061E+08  0.6821E+07  0.4067E+06  0.1556E+07
       5      217       17      216        0        0                         0.1284E+12  0.2030E+07  0.7788E+07  0.5585E+07  0.7072E+08  0.6825E+07  0.4067E+06  0.1556E+07
       5      218      217      177        0        0                         0.3558E+12  0.1202E+08  0.2457E+08  0.2010E+08  0.1141E+09  0.3090E+08  0.5807E+06  0.2254E+07
      11      219       40        0        0        0                  17p    0.0000E+00  0.0000E+00  0.0000E+00  0.0000E+00  0.0000E+00  0.0000E+00  0.0000E+00  0.0000E+00
       5      220      218      219        0        0                         0.3558E+12  0.1202E+08  0.2457E+08  0.2010E+08  0.1141E+09  0.3090E+08  0.5807E+06  0.2254E+07
       2      221       17      220       17        0                         0.3557E+12  0.1202E+08  0.2386E+08  0.1882E+08  0.1139E+09  0.3189E+08  0.3942E+06  0.1532E+07
       5      222       24      221        0        0                         0.3896E+12  0.1947E+08  0.2574E+08  0.3601E+08  0.1523E+09  0.3265E+08  0.3942E+06  0.1532E+07
      11      223       41        0        0        0                  24p    0.0000E+00  0.0000E+00  0.0000E+00  0.0000E+00  0.0000E+00  0.0000E+00  0.0000E+00  0.0000E+00
       5      224      222      223        0        0                         0.3896E+12  0.1947E+08  0.2574E+08  0.3601E+08  0.1523E+09  0.3265E+08  0.3942E+06  0.1532E+07
       2      225       24      224       24        0                         0.3891E+12  0.1668E+08  0.2086E+08  0.2047E+08  0.1522E+09  0.4147E+08  0.2015E+06  0.7812E+06
       3      226       15      225        0        0                         0.3889E+12  0.3457E+07  0.1000E+08  0.7305E+07  0.9326E+08  0.1947E+08  0.6563E+06  0.2529E+07
       5      227       28      166        0        0                         0.2120E+12  0.3540E+07  0.1301E+08  0.6737E+07  0.1383E+09  0.1967E+08  0.1708E+06  0.6576E+06
       5      228      227      226        0        0                         0.6009E+12  0.6996E+07  0.2301E+08  0.1404E+08  0.2315E+09  0.3914E+08  0.8270E+06  0.3186E+07
       5      229      228      116        0        0                         0.7425E+12  0.7138E+07  0.2534E+08  0.1887E+08  0.2655E+09  0.4376E+08  0.8365E+06  0.3196E+07
      11      230       42        0        0        0                  28p    0.0000E+00  0.0000E+00  0.0000E+00  0.0000E+00  0.0000E+00  0.0000E+00  0.0000E+00  0.0000E+00
       5      231      229      230        0        0                         0.7425E+12  0.7138E+07  0.2534E+08  0.1887E+08  0.2655E+09  0.4376E+08  0.8365E+06  0.3196E+07
       2      232       28      231       28        0                         0.7416E+12  0.6557E+07  0.2763E+08  0.1299E+08  0.2634E+09  0.4896E+08  0.3667E+06  0.1399E+07
       3      233       16      232        0        0                         0.7409E+12  0.1979E+07  0.2524E+08  0.1095E+08  0.2440E+09  0.4268E+08  0.1619E+07  0.6408E+07
       5      234       42      233        0        0                         0.7680E+12  0.2588E+07  0.2611E+08  0.1445E+08  0.2585E+09  0.4310E+08  0.1619E+07  0.6408E+07
       5      235      234      186        0        0                         0.8913E+12  0.4131E+07  0.2859E+08  0.1863E+08  0.3114E+09  0.4787E+08  0.1692E+07  0.6705E+07
      11      236       43        0        0        0                  42p    0.0000E+00  0.0000E+00  0.0000E+00  0.0000E+00  0.0000E+00  0.0000E+00  0.0000E+00  0.0000E+00
       5      237      235      236        0        0                         0.8913E+12  0.4131E+07  0.2859E+08  0.1863E+08  0.3114E+09  0.4787E+08  0.1692E+07  0.6705E+07
       2      238       42      237       42        0                         0.8905E+12  0.4131E+07  0.3482E+08  0.1419E+08  0.3101E+09  0.5229E+08  0.1017E+07  0.4043E+07
       3      239       17      238        0        0                         0.8946E+12  0.4600E+07  0.3122E+08  0.1124E+08  0.2797E+09  0.4475E+08  0.1663E+07  0.6533E+07
       5      240       43      239        0        0                         0.9183E+12  0.5291E+07  0.3208E+08  0.1571E+08  0.2894E+09  0.4508E+08  0.1663E+07  0.6533E+07
      11      241       44        0        0        0                  43p    0.0000E+00  0.0000E+00  0.0000E+00  0.0000E+00  0.0000E+00  0.0000E+00  0.0000E+00  0.0000E+00
       5      242      240      241        0        0                         0.9183E+12  0.5291E+07  0.3208E+08  0.1571E+08  0.2894E+09  0.4508E+08  0.1663E+07  0.6533E+07
       2      243       43      242       43        0                         0.9181E+12  0.5290E+07  0.3424E+08  0.1467E+08  0.2884E+09  0.4644E+08  0.1118E+07  0.4421E+07
       5      244       47      243        0        0                         0.9366E+12  0.5720E+07  0.3479E+08  0.1811E+08  0.2930E+09  0.4660E+08  0.1118E+07  0.4421E+07
      11      245       45        0        0        0                  47p    0.0000E+00  0.0000E+00  0.0000E+00  0.0000E+00  0.0000E+00  0.0000E+00  0.0000E+00  0.0000E+00
       5      246      244      245        0        0                         0.9366E+12  0.5720E+07  0.3479E+08  0.1811E+08  0.2930E+09  0.4660E+08  0.1118E+07  0.4421E+07
       2      247       47      246       47        0                         0.9357E+12  0.5664E+07  0.3689E+08  0.1303E+08  0.2934E+09  0.5121E+08  0.6479E+06  0.2538E+07
       3      248       18      247        0        0                         0.9360E+12  0.7910E+07  0.3525E+08  0.1140E+08  0.2834E+09  0.4784E+08  0.1026E+07  0.4063E+07
       5      249       46      158        0        0                         0.4076E+11  0.1745E+07  0.2338E+07  0.1917E+07  0.2751E+08  0.1060E+07  0.0000E+00  0.0000E+00
       5      250      249      248        0        0                         0.9768E+12  0.9656E+07  0.3759E+08  0.1332E+08  0.3109E+09  0.4890E+08  0.1026E+07  0.4063E+07
      11      251       46        0        0        0                  46p    0.0000E+00  0.0000E+00  0.0000E+00  0.0000E+00  0.0000E+00  0.0000E+00  0.0000E+00  0.0000E+00
       5      252      250      251        0        0                         0.9768E+12  0.9656E+07  0.3759E+08  0.1332E+08  0.3109E+09  0.4890E+08  0.1026E+07  0.4063E+07
       2      253       46      252       46        0                         0.9765E+12  0.9403E+07  0.4089E+08  0.1224E+08  0.3089E+09  0.5069E+08  0.6681E+06  0.2653E+07
       5      254       55      253        0        0                         0.1057E+13  0.1102E+08  0.4430E+08  0.1810E+08  0.3861E+09  0.5169E+08  0.6681E+06  0.2653E+07
      11      255       47        0        0        0                  55p    0.0000E+00  0.0000E+00  0.0000E+00  0.0000E+00  0.0000E+00  0.0000E+00  0.0000E+00  0.0000E+00
       5      256      254      255        0        0                         0.1057E+13  0.1102E+08  0.4430E+08  0.1810E+08  0.3861E+09  0.5169E+08  0.6681E+06  0.2653E+07
       2      257       55      256       55        0                         0.1056E+13  0.9429E+07  0.4153E+08  0.1235E+08  0.3872E+09  0.5630E+08  0.3595E+06  0.1418E+07
       3      258       19      257        0        0                         0.1058E+13  0.1799E+08  0.3753E+08  0.9827E+07  0.3346E+09  0.4801E+08  0.1749E+07  0.6990E+07
       5      259       53      147        0        0                         0.2477E+12  0.1581E+08  0.4354E+08  0.4212E+08  0.4961E+09  0.1732E+08  0.6937E+05  0.2766E+06
       5      260      259      258        0        0                         0.1305E+13  0.3380E+08  0.8106E+08  0.5194E+08  0.8308E+09  0.6533E+08  0.1818E+07  0.7267E+07
      11      261       48        0        0        0                  53p    0.0000E+00  0.0000E+00  0.0000E+00  0.0000E+00  0.0000E+00  0.0000E+00  0.0000E+00  0.0000E+00
       5      262      260      261        0        0                         0.1305E+13  0.3380E+08  0.8106E+08  0.5194E+08  0.8308E+09  0.6533E+08  0.1818E+07  0.7267E+07
       2      263       53      262       53        0                         0.1304E+13  0.3380E+08  0.7459E+08  0.3418E+08  0.8428E+09  0.7706E+08  0.1194E+07  0.4765E+07
       3      264       20      263        0        0                         0.1333E+13  0.9546E+07  0.7004E+08  0.2981E+08  0.7613E+09  0.6906E+08  0.2371E+07  0.9393E+07
       5      265       51      264        0        0                         0.1380E+13  0.1037E+08  0.7140E+08  0.3424E+08  0.8406E+09  0.6951E+08  0.2371E+07  0.9393E+07
      11      266       49        0        0        0                  51p    0.0000E+00  0.0000E+00  0.0000E+00  0.0000E+00  0.0000E+00  0.0000E+00  0.0000E+00  0.0000E+00
       5      267      265      266        0        0                         0.1380E+13  0.1037E+08  0.7140E+08  0.3424E+08  0.8406E+09  0.6951E+08  0.2371E+07  0.9393E+07
       2      268       51      267       51        0                         0.1380E+13  0.1012E+08  0.7572E+08  0.3006E+08  0.8364E+09  0.7424E+08  0.1360E+07  0.5421E+07
       3      269       21      268        0        0                         0.1380E+13  0.1387E+08  0.7287E+08  0.2798E+08  0.8132E+09  0.7036E+08  0.2271E+07  0.9047E+07
       5      270       50      269        0        0                         0.1429E+13  0.1477E+08  0.7415E+08  0.3330E+08  0.8523E+09  0.7070E+08  0.2271E+07  0.9047E+07
       5      271      270      161        0        0                         0.1464E+13  0.1532E+08  0.7522E+08  0.3568E+08  0.8577E+09  0.7205E+08  0.2271E+07  0.9047E+07
      11      272       50        0        0        0                  50p    0.0000E+00  0.0000E+00  0.0000E+00  0.0000E+00  0.0000E+00  0.0000E+00  0.0000E+00  0.0000E+00
       5      273      271      272        0        0                         0.1464E+13  0.1532E+08  0.7522E+08  0.3568E+08  0.8577E+09  0.7205E+08  0.2271E+07  0.9047E+07
       2      274       50      273       50        0                         0.1463E+13  0.1427E+08  0.8041E+08  0.2718E+08  0.8519E+09  0.8068E+08  0.1306E+07  0.5223E+07
       3      275       22      274        0        0                         0.1465E+13  0.1087E+08  0.7838E+08  0.2548E+08  0.8239E+09  0.7573E+08  0.2473E+07  0.9455E+07
       5      276       49      275        0        0                         0.1478E+13  0.1111E+08  0.7929E+08  0.2691E+08  0.8361E+09  0.7632E+08  0.2473E+07  0.9455E+07
      11      277       51        0        0        0                  49p    0.0000E+00  0.0000E+00  0.0000E+00  0.0000E+00  0.0000E+00  0.0000E+00  0.0000E+00  0.0000E+00
       5      278      276      277        0        0                         0.1478E+13  0.1111E+08  0.7929E+08  0.2691E+08  0.8361E+09  0.7632E+08  0.2473E+07  0.9455E+07
       2      279       49      278       49        0                         0.1476E+13  0.7890E+07  0.7986E+08  0.2041E+08  0.8341E+09  0.8462E+08  0.1456E+07  0.5569E+07
       5      280       36      279        0        0                         0.1554E+13  0.9403E+07  0.8454E+08  0.2731E+08  0.8761E+09  0.8814E+08  0.1456E+07  0.5569E+07
      11      281       52        0        0        0                  36p    0.0000E+00  0.0000E+00  0.0000E+00  0.0000E+00  0.0000E+00  0.0000E+00  0.0000E+00  0.0000E+00
       5      282      280      281        0        0                         0.1554E+13  0.9403E+07  0.8454E+08  0.2731E+08  0.8761E+09  0.8814E+08  0.1456E+07  0.5569E+07
       2      283       36      282       36        0                         0.1545E+13  0.5900E+07  0.6328E+08  0.1577E+08  0.8918E+09  0.9757E+08  0.7188E+06  0.2753E+07
       5      284       14      206        0        0                         0.1952E+12  0.6653E+07  0.1938E+08  0.1671E+08  0.2572E+09  0.3703E+08  0.2736E+04  0.1051E+05
       5      285      284      283        0        0                         0.1740E+13  0.1255E+08  0.8266E+08  0.3248E+08  0.1149E+10  0.1346E+09  0.7215E+06  0.2764E+07
      11      286       53        0        0        0                  14p    0.0000E+00  0.0000E+00  0.0000E+00  0.0000E+00  0.0000E+00  0.0000E+00  0.0000E+00  0.0000E+00
       5      287      285      286        0        0                         0.1740E+13  0.1255E+08  0.8266E+08  0.3248E+08  0.1149E+10  0.1346E+09  0.7215E+06  0.2764E+07
       2      288       14      287       14        0                         0.1739E+13  0.1255E+08  0.6615E+08  0.2137E+08  0.1178E+10  0.1415E+09  0.4454E+06  0.1705E+07
       5      289        7      288        0        0                         0.1757E+13  0.1355E+08  0.6952E+08  0.2417E+08  0.1180E+10  0.1433E+09  0.4454E+06  0.1705E+07
      11      290       54        0        0        0                   7p    0.0000E+00  0.0000E+00  0.0000E+00  0.0000E+00  0.0000E+00  0.0000E+00  0.0000E+00  0.0000E+00
       5      291      289      290        0        0                         0.1757E+13  0.1355E+08  0.6952E+08  0.2417E+08  0.1180E+10  0.1433E+09  0.4454E+06  0.1705E+07
       2      292        7      291        7        0                         0.1755E+13  0.1324E+08  0.5524E+08  0.1602E+08  0.1210E+10  0.1479E+09  0.2589E+06  0.9907E+06
       3      293       23      292        0        0                         0.1765E+13  0.3673E+07  0.5049E+08  0.1216E+08  0.1168E+10  0.1197E+09  0.3705E+07  0.1477E+08
       5      294        3      293        0        0                         0.1786E+13  0.5670E+07  0.5944E+08  0.1863E+08  0.1203E+10  0.1223E+09  0.3705E+07  0.1477E+08
      11      295       55        0        0        0                   3p    0.0000E+00  0.0000E+00  0.0000E+00  0.0000E+00  0.0000E+00  0.0000E+00  0.0000E+00  0.0000E+00
       5      296      294      295        0        0                         0.1786E+13  0.5670E+07  0.5944E+08  0.1863E+08  0.1203E+10  0.1223E+09  0.3705E+07  0.1477E+08
       2      297        3      296        3        0                         0.1784E+13  0.5668E+07  0.6582E+08  0.1846E+08  0.1197E+10  0.1231E+09  0.1452E+07  0.5811E+07
      14      297        1        0        0        0                         0.1784E+13  0.5668E+07  0.6582E+08  0.1846E+08  0.1197E+10  0.1231E+09  0.1452E+07  0.5811E+07
